[2026-02-23 10:36:25] 开始构建前依赖检查
[0;32m[INFO][0m 检查Node.js版本...
[2026-02-23 10:36:25] 当前Node版本: 22.22.0
[1;33m[WARN][0m ⚠ Node版本为22.22.0，建议使用18.x
[0;32m[INFO][0m 检查npm完整性...
[2026-02-23 10:36:25] 当前npm版本: 10.9.4
[0;32m[INFO][0m ✓ npm缓存验证通过
[0;32m[INFO][0m ✓ npm registry可访问
[0;32m[INFO][0m 检查关键依赖...
[1;33m[WARN][0m ⚠ 未找到package.json
[0;32m[INFO][0m 检查环境变量...
[0;31m[ERROR][0m ✗ 必需环境变量 NODE_ENV 未设置
[0;32m[INFO][0m ✓ PATH 已设置
[1;33m[WARN][0m ⚠ 可选环境变量 DATABASE_URL 未设置
[1;33m[WARN][0m ⚠ 可选环境变量 REDIS_URL 未设置
[1;33m[WARN][0m ⚠ 可选环境变量 API_KEY 未设置
[0;32m[INFO][0m 检查磁盘空间...
[0;32m[INFO][0m ✓ 磁盘空间充足: 30GB可用
[0;32m[INFO][0m 检查内存...
[0;32m[INFO][0m ✓ 内存充足: 2232MB可用
[0;32m[INFO][0m 通过: 5
[1;33m[WARN][0m 警告: 5
[0;31m[ERROR][0m 失败: 1
[2026-02-23 10:36:41] 检查完成 - 通过:5 警告:5 失败:1
[0;31m[ERROR][0m ❌ 构建前检查失败，请修复上述错误后再试
